# JRE version: OpenJDK Runtime Environment (8.0_152-b01) (build 1.8.0_152-release-1343-b01)
# Java VM: OpenJDK 64-Bit Server VM (25.152-b01 mixed mode windows-amd64 compressed oops)
Heap:
 PSYoungGen      total 119808K, used 13490K [0x00000000f5580000, 0x00000000ffd00000, 0x0000000100000000)
  eden space 72704K, 6% used [0x00000000f5580000,0x00000000f5a4a028,0x00000000f9c80000)
  from space 47104K, 18% used [0x00000000f9c80000,0x00000000fa4e29b8,0x00000000fca80000)
  to   space 46592K, 0% used [0x00000000fcf80000,0x00000000fcf80000,0x00000000ffd00000)
 ParOldGen       total 349696K, used 91274K [0x00000000e0000000, 0x00000000f5580000, 0x00000000f5580000)
  object space 349696K, 26% used [0x00000000e0000000,0x00000000e59228d8,0x00000000f5580000)
 Metaspace       used 95590K, capacity 100492K, committed 100992K, reserved 1136640K
  class space    used 11990K, capacity 12953K, committed 13184K, reserved 1048576K
GC Heap History (10 events):
Event: 1918.405 GC heap before
{Heap before GC invocations=27 (full 4):
 PSYoungGen      total 122880K, used 70656K [0x00000000f5580000, 0x0000000100000000, 0x0000000100000000)
  eden space 70656K, 100% used [0x00000000f5580000,0x00000000f9a80000,0x00000000f9a80000)
  from space 52224K, 0% used [0x00000000fcd00000,0x00000000fcd00000,0x0000000100000000)
  to   space 51712K, 0% used [0x00000000f9a80000,0x00000000f9a80000,0x00000000fcd00000)
 ParOldGen       total 349696K, used 79402K [0x00000000e0000000, 0x00000000f5580000, 0x00000000f5580000)
  object space 349696K, 22% used [0x00000000e0000000,0x00000000e4d8abf8,0x00000000f5580000)
 Metaspace       used 93985K, capacity 98768K, committed 99584K, reserved 1136640K
  class space    used 11852K, capacity 12801K, committed 13056K, reserved 1048576K
Event: 1918.415 GC heap after
Heap after GC invocations=27 (full 4):
 PSYoungGen      total 74240K, used 3268K [0x00000000f5580000, 0x0000000100000000, 0x0000000100000000)
  eden space 70656K, 0% used [0x00000000f5580000,0x00000000f5580000,0x00000000f9a80000)
  from space 3584K, 91% used [0x00000000f9a80000,0x00000000f9db1298,0x00000000f9e00000)
  to   space 52736K, 0% used [0x00000000fcc80000,0x00000000fcc80000,0x0000000100000000)
 ParOldGen       total 349696K, used 79410K [0x00000000e0000000, 0x00000000f5580000, 0x00000000f5580000)
  object space 349696K, 22% used [0x00000000e0000000,0x00000000e4d8cbf8,0x00000000f5580000)
 Metaspace       used 93985K, capacity 98768K, committed 99584K, reserved 1136640K
  class space    used 11852K, capacity 12801K, committed 13056K, reserved 1048576K
}
Event: 1920.894 GC heap before
{Heap before GC invocations=28 (full 4):
 PSYoungGen      total 74240K, used 73924K [0x00000000f5580000, 0x0000000100000000, 0x0000000100000000)
  eden space 70656K, 100% used [0x00000000f5580000,0x00000000f9a80000,0x00000000f9a80000)
  from space 3584K, 91% used [0x00000000f9a80000,0x00000000f9db1298,0x00000000f9e00000)
  to   space 52736K, 0% used [0x00000000fcc80000,0x00000000fcc80000,0x0000000100000000)
 ParOldGen       total 349696K, used 79410K [0x00000000e0000000, 0x00000000f5580000, 0x00000000f5580000)
  object space 349696K, 22% used [0x00000000e0000000,0x00000000e4d8cbf8,0x00000000f5580000)
 Metaspace       used 95144K, capacity 99946K, committed 100736K, reserved 1136640K
  class space    used 11971K, capacity 12916K, committed 13184K, reserved 1048576K
Event: 1920.916 GC heap after
Heap after GC invocations=28 (full 4):
 PSYoungGen      total 123392K, used 13430K [0x00000000f5580000, 0x0000000100000000, 0x0000000100000000)
  eden space 70656K, 0% used [0x00000000f5580000,0x00000000f5580000,0x00000000f9a80000)
  from space 52736K, 25% used [0x00000000fcc80000,0x00000000fd99da78,0x0000000100000000)
  to   space 51200K, 0% used [0x00000000f9a80000,0x00000000f9a80000,0x00000000fcc80000)
 ParOldGen       total 349696K, used 79410K [0x00000000e0000000, 0x00000000f5580000, 0x00000000f5580000)
  object space 349696K, 22% used [0x00000000e0000000,0x00000000e4d8cbf8,0x00000000f5580000)
 Metaspace       used 95144K, capacity 99946K, committed 100736K, reserved 1136640K
  class space    used 11971K, capacity 12916K, committed 13184K, reserved 1048576K
}
Event: 1923.502 GC heap before
{Heap before GC invocations=29 (full 4):
 PSYoungGen      total 123392K, used 84086K [0x00000000f5580000, 0x0000000100000000, 0x0000000100000000)
  eden space 70656K, 100% used [0x00000000f5580000,0x00000000f9a80000,0x00000000f9a80000)
  from space 52736K, 25% used [0x00000000fcc80000,0x00000000fd99da78,0x0000000100000000)
  to   space 51200K, 0% used [0x00000000f9a80000,0x00000000f9a80000,0x00000000fcc80000)
 ParOldGen       total 349696K, used 79410K [0x00000000e0000000, 0x00000000f5580000, 0x00000000f5580000)
  object space 349696K, 22% used [0x00000000e0000000,0x00000000e4d8cbf8,0x00000000f5580000)
 Metaspace       used 95376K, capacity 100220K, committed 100736K, reserved 1136640K
  class space    used 11981K, capacity 12953K, committed 13184K, reserved 1048576K
Event: 1923.516 GC heap after
Heap after GC invocations=29 (full 4):
 PSYoungGen      total 87552K, used 16827K [0x00000000f5580000, 0x00000000ffa80000, 0x0000000100000000)
  eden space 70656K, 0% used [0x00000000f5580000,0x00000000f5580000,0x00000000f9a80000)
  from space 16896K, 99% used [0x00000000f9a80000,0x00000000faaeedb0,0x00000000fab00000)
  to   space 49152K, 0% used [0x00000000fca80000,0x00000000fca80000,0x00000000ffa80000)
 ParOldGen       total 349696K, used 79410K [0x00000000e0000000, 0x00000000f5580000, 0x00000000f5580000)
  object space 349696K, 22% used [0x00000000e0000000,0x00000000e4d8cbf8,0x00000000f5580000)
 Metaspace       used 95376K, capacity 100220K, committed 100736K, reserved 1136640K
  class space    used 11981K, capacity 12953K, committed 13184K, reserved 1048576K
}
Event: 1923.801 GC heap before
{Heap before GC invocations=30 (full 4):
 PSYoungGen      total 87552K, used 87483K [0x00000000f5580000, 0x00000000ffa80000, 0x0000000100000000)
  eden space 70656K, 100% used [0x00000000f5580000,0x00000000f9a80000,0x00000000f9a80000)
  from space 16896K, 99% used [0x00000000f9a80000,0x00000000faaeedb0,0x00000000fab00000)
  to   space 49152K, 0% used [0x00000000fca80000,0x00000000fca80000,0x00000000ffa80000)
 ParOldGen       total 349696K, used 79410K [0x00000000e0000000, 0x00000000f5580000, 0x00000000f5580000)
  object space 349696K, 22% used [0x00000000e0000000,0x00000000e4d8cbf8,0x00000000f5580000)
 Metaspace       used 95537K, capacity 100356K, committed 100992K, reserved 1136640K
  class space    used 11990K, capacity 12953K, committed 13184K, reserved 1048576K
Event: 1923.831 GC heap after
Heap after GC invocations=30 (full 4):
 PSYoungGen      total 121856K, used 17660K [0x00000000f5580000, 0x0000000100000000, 0x0000000100000000)
  eden space 72704K, 0% used [0x00000000f5580000,0x00000000f5580000,0x00000000f9c80000)
  from space 49152K, 35% used [0x00000000fca80000,0x00000000fdbbf1a8,0x00000000ffa80000)
  to   space 47104K, 0% used [0x00000000f9c80000,0x00000000f9c80000,0x00000000fca80000)
 ParOldGen       total 349696K, used 81780K [0x00000000e0000000, 0x00000000f5580000, 0x00000000f5580000)
  object space 349696K, 23% used [0x00000000e0000000,0x00000000e4fdd3a0,0x00000000f5580000)
 Metaspace       used 95537K, capacity 100356K, committed 100992K, reserved 1136640K
  class space    used 11990K, capacity 12953K, committed 13184K, reserved 1048576K
}
Event: 1924.855 GC heap before
{Heap before GC invocations=31 (full 4):
 PSYoungGen      total 121856K, used 90364K [0x00000000f5580000, 0x0000000100000000, 0x0000000100000000)
  eden space 72704K, 100% used [0x00000000f5580000,0x00000000f9c80000,0x00000000f9c80000)
  from space 49152K, 35% used [0x00000000fca80000,0x00000000fdbbf1a8,0x00000000ffa80000)
  to   space 47104K, 0% used [0x00000000f9c80000,0x00000000f9c80000,0x00000000fca80000)
 ParOldGen       total 349696K, used 81780K [0x00000000e0000000, 0x00000000f5580000, 0x00000000f5580000)
  object space 349696K, 23% used [0x00000000e0000000,0x00000000e4fdd3a0,0x00000000f5580000)
 Metaspace       used 95574K, capacity 100492K, committed 100992K, reserved 1136640K
  class space    used 11990K, capacity 12953K, committed 13184K, reserved 1048576K
Event: 1924.879 GC heap after
Heap after GC invocations=31 (full 4):
 PSYoungGen      total 119808K, used 8586K [0x00000000f5580000, 0x00000000ffd00000, 0x0000000100000000)
  eden space 72704K, 0% used [0x00000000f5580000,0x00000000f5580000,0x00000000f9c80000)
  from space 47104K, 18% used [0x00000000f9c80000,0x00000000fa4e29b8,0x00000000fca80000)
  to   space 46592K, 0% used [0x00000000fcf80000,0x00000000fcf80000,0x00000000ffd00000)
 ParOldGen       total 349696K, used 91274K [0x00000000e0000000, 0x00000000f5580000, 0x00000000f5580000)
  object space 349696K, 26% used [0x00000000e0000000,0x00000000e59228d8,0x00000000f5580000)
 Metaspace       used 95574K, capacity 100492K, committed 100992K, reserved 1136640K
  class space    used 11990K, capacity 12953K, committed 13184K, reserved 1048576K
}

